 
****************************************
Report : qor
Design : simpleuart
Version: T-2022.03-SP4
Date   : Mon Mar 24 15:32:30 2025
****************************************


  Timing Path Group 'clk'
  -----------------------------------
  Levels of Logic:               3.00
  Critical Path Length:          0.18
  Critical Path Slack:           3.30
  Critical Path Clk Period:      4.00
  Total Negative Slack:          0.00
  No. of Violating Paths:        0.00
  Worst Hold Violation:          0.00
  Total Hold Violation:          0.00
  No. of Hold Violations:        0.00
  -----------------------------------

  Timing Path Group 'in2out'
  -----------------------------------
  Levels of Logic:               1.00
  Critical Path Length:          0.03
  Critical Path Slack:           2.97
  Critical Path Clk Period:      4.00
  Total Negative Slack:          0.00
  No. of Violating Paths:        0.00
  Worst Hold Violation:          0.00
  Total Hold Violation:          0.00
  No. of Hold Violations:        0.00
  -----------------------------------

  Timing Path Group 'in2reg'
  -----------------------------------
  Levels of Logic:               5.00
  Critical Path Length:          0.36
  Critical Path Slack:           3.11
  Critical Path Clk Period:      4.00
  Total Negative Slack:          0.00
  No. of Violating Paths:        0.00
  Worst Hold Violation:          0.00
  Total Hold Violation:          0.00
  No. of Hold Violations:        0.00
  -----------------------------------

  Timing Path Group 'reg2out'
  -----------------------------------
  Levels of Logic:               2.00
  Critical Path Length:          0.30
  Critical Path Slack:           3.20
  Critical Path Clk Period:      4.00
  Total Negative Slack:          0.00
  No. of Violating Paths:        0.00
  Worst Hold Violation:          0.00
  Total Hold Violation:          0.00
  No. of Hold Violations:        0.00
  -----------------------------------

  Timing Path Group 'reg2reg'
  -----------------------------------
  Levels of Logic:              32.00
  Critical Path Length:          0.77
  Critical Path Slack:           3.19
  Critical Path Clk Period:      4.00
  Total Negative Slack:          0.00
  No. of Violating Paths:        0.00
  Worst Hold Violation:          0.00
  Total Hold Violation:          0.00
  No. of Hold Violations:        0.00
  -----------------------------------


  Cell Count
  -----------------------------------
  Hierarchical Cell Count:         13
  Hierarchical Port Count:        367
  Leaf Cell Count:                921
  Buf/Inv Cell Count:             113
  Buf Cell Count:                   2
  Inv Cell Count:                 111
  CT Buf/Inv Cell Count:            0
  Combinational Cell Count:       782
  Sequential Cell Count:          139
  Macro Count:                      0
  -----------------------------------


  Area
  -----------------------------------
  Combinational Area:      214.274401
  Noncombinational Area:   151.803602
  Buf/Inv Area:             20.246400
  Total Buffer Area:             0.53
  Total Inverter Area:          19.71
  Macro/Black Box Area:      0.000000
  Net Area:                  0.000000
  Net XLength        :        1809.72
  Net YLength        :        1215.35
  -----------------------------------
  Cell Area:               366.078002
  Design Area:             366.078002
  Net Length        :         3025.08


  Design Rules
  -----------------------------------
  Total Number of Nets:          1030
  Nets With Violations:             3
  Max Trans Violations:             0
  Max Cap Violations:               3
  -----------------------------------


  Hostname: mavenserver-RH2

  Compile CPU Statistics
  -----------------------------------------
  Resource Sharing:                    0.28
  Logic Optimization:                 15.77
  Mapping Optimization:               36.77
  -----------------------------------------
  Overall Compile Time:              106.48
  Overall Compile Wall Clock Time:   113.85

  --------------------------------------------------------------------

  Design  WNS: 0.00  TNS: 0.00  Number of Violating Paths: 0


  Design (Hold)  WNS: 0.00  TNS: 0.00  Number of Violating Paths: 0

  --------------------------------------------------------------------


1
